

times in msec
 clock   self+sourced   self:  sourced script
 clock   elapsed:              other lines

000.005  000.005: --- NVIM STARTING ---
000.076  000.070: event init
000.144  000.069: early init
000.275  000.131: locale set
000.316  000.041: init first window
000.550  000.234: inits 1
000.565  000.015: window checked
000.568  000.003: parsing arguments
001.061  000.079  000.079: require('vim.shared')
001.169  000.039  000.039: require('vim._meta')
001.172  000.107  000.068: require('vim._editor')
001.173  000.233  000.048: require('vim._init_packages')
001.175  000.374: init lua interpreter
001.696  000.521: expanding arguments
001.734  000.038: inits 2
002.104  000.370: init highlight
002.106  000.002: waiting for UI
002.224  000.118: done waiting for UI
002.230  000.006: clear screen
002.336  000.106: init default mappings
002.346  000.010: init default autocommands
002.619  000.051  000.051: sourcing /usr/local/share/nvim/runtime/ftplugin.vim
002.663  000.024  000.024: sourcing /usr/local/share/nvim/runtime/indent.vim
003.081  000.293  000.293: require('lazy')
003.130  000.047  000.047: require('configurations')
003.155  000.013  000.013: require('ffi')
003.504  000.347  000.347: require('lazy.core.cache')
007.298  000.058  000.058: require('lazy.stats')
007.358  000.034  000.034: require('lazy.core.util')
007.409  000.050  000.050: require('lazy.core.config')
007.456  000.018  000.018: require('lazy.core.handler')
007.518  000.061  000.061: require('lazy.core.plugin')
007.527  000.117  000.038: require('lazy.core.loader')
008.021  000.031  000.031: require('plugins')
008.380  000.080  000.080: require('lazy.core.handler.event')
008.415  000.027  000.027: require('lazy.core.handler.ft')
008.447  000.028  000.028: require('lazy.core.handler.keys')
008.473  000.021  000.021: require('lazy.core.handler.cmd')
008.782  000.141  000.141: sourcing /usr/local/share/nvim/runtime/filetype.lua
009.019  000.029  000.029: sourcing /usr/local/share/nvim/runtime/plugin/editorconfig.lua
009.347  000.306  000.306: sourcing /usr/local/share/nvim/runtime/plugin/gzip.vim
009.383  000.008  000.008: sourcing /usr/local/share/nvim/runtime/plugin/health.vim
009.437  000.040  000.040: sourcing /usr/local/share/nvim/runtime/plugin/man.lua
009.741  000.173  000.173: sourcing /usr/local/share/nvim/runtime/pack/dist/opt/matchit/plugin/matchit.vim
009.783  000.331  000.159: sourcing /usr/local/share/nvim/runtime/plugin/matchit.vim
009.963  000.164  000.164: sourcing /usr/local/share/nvim/runtime/plugin/matchparen.vim
010.337  000.356  000.356: sourcing /usr/local/share/nvim/runtime/plugin/netrwPlugin.vim
010.403  000.024  000.024: sourcing /usr/local/share/nvim/runtime/plugin/nvim.lua
010.548  000.007  000.007: sourcing /home/tom1484/.local/share/nvim/rplugin.vim
010.554  000.131  000.124: sourcing /usr/local/share/nvim/runtime/plugin/rplugin.vim
010.641  000.067  000.067: sourcing /usr/local/share/nvim/runtime/plugin/shada.vim
010.731  000.022  000.022: sourcing /usr/local/share/nvim/runtime/plugin/spellfile.vim
010.867  000.102  000.102: sourcing /usr/local/share/nvim/runtime/plugin/tarPlugin.vim
010.973  000.067  000.067: sourcing /usr/local/share/nvim/runtime/plugin/tohtml.vim
011.011  000.013  000.013: sourcing /usr/local/share/nvim/runtime/plugin/tutor.vim
011.160  000.128  000.128: sourcing /usr/local/share/nvim/runtime/plugin/zipPlugin.vim
011.583  000.011  000.011: require('vim.keymap')
011.897  000.038  000.038: require('Comment.config')
012.440  000.487  000.487: require('Comment.ft')
012.454  000.543  000.056: require('Comment.utils')
012.523  000.068  000.068: require('Comment.opfunc')
012.550  000.026  000.026: require('Comment.extra')
012.556  000.970  000.295: require('Comment.api')
012.679  001.129  000.149: sourcing /home/tom1484/.local/share/nvim/lazy/Comment.nvim/plugin/Comment.lua
012.714  001.332  000.203: require('Comment')
013.059  001.701  000.368: sourcing /home/tom1484/.config/nvim/after/plugin/Comment.lua
013.939  000.131  000.131: require('vscode.theme')
013.943  000.230  000.099: require('vscode')
014.502  000.041  000.041: require('vscode.colors')
015.250  001.553  001.282: sourcing /home/tom1484/.local/share/nvim/lazy/vscode.nvim/colors/vscode.vim
015.259  002.147  000.594: sourcing /home/tom1484/.config/nvim/after/plugin/colors.lua
015.301  000.011  000.011: sourcing /home/tom1484/.config/nvim/after/plugin/formatter.lua
015.373  000.056  000.056: sourcing /home/tom1484/.config/nvim/after/plugin/fugitive.lua
015.968  000.034  000.034: sourcing /home/tom1484/.local/share/nvim/lazy/plenary.nvim/plugin/plenary.vim
016.185  000.151  000.151: require('plenary.bit')
016.256  000.068  000.068: require('plenary.functional')
016.277  000.447  000.194: require('plenary.path')
016.358  000.038  000.038: require('plenary.job')
016.361  000.083  000.044: require('harpoon.utils')
016.518  000.139  000.139: require('plenary.log')
016.583  000.221  000.082: require('harpoon.dev')
016.651  000.036  000.036: require('vim.inspect')
016.754  001.082  000.296: require('harpoon')
016.764  001.359  000.277: require('harpoon.mark')
016.857  000.020  000.020: require('plenary.strings')
016.861  000.042  000.022: require('plenary.window.border')
016.871  000.010  000.010: require('plenary.window')
016.920  000.035  000.035: require('plenary.popup.utils')
016.931  000.008  000.008: require('vim.F')
016.933  000.139  000.045: require('plenary.popup')
016.939  000.173  000.034: require('harpoon.ui')
017.011  001.618  000.086: sourcing /home/tom1484/.config/nvim/after/plugin/harpoon.lua
017.580  000.046  000.046: require('vim.lsp.log')
018.180  000.598  000.598: require('vim.lsp.protocol')
018.324  000.052  000.052: require('vim.lsp._snippet')
018.344  000.018  000.018: require('vim.highlight')
018.357  000.173  000.103: require('vim.lsp.util')
018.368  000.873  000.056: require('vim.lsp.handlers')
018.418  000.048  000.048: require('vim.lsp.rpc')
018.436  000.017  000.017: require('vim.lsp.sync')
018.494  000.057  000.057: require('vim.lsp.semantic_tokens')
018.570  000.074  000.074: require('vim.lsp.buf')
018.604  000.031  000.031: require('vim.lsp.diagnostic')
018.638  000.033  000.033: require('vim.lsp.codelens')
018.700  001.435  000.302: require('vim.lsp')
018.747  001.503  000.068: sourcing /home/tom1484/.local/share/nvim/lazy/nvim-lspconfig/plugin/lspconfig.lua
019.235  000.118  000.118: require('cmp.utils.api')
019.267  000.016  000.016: require('cmp.types.cmp')
019.308  000.021  000.021: require('cmp.utils.misc')
019.319  000.051  000.031: require('cmp.types.lsp')
019.330  000.010  000.010: require('cmp.types.vim')
019.332  000.094  000.017: require('cmp.types')
019.345  000.013  000.013: require('cmp.utils.highlight')
019.382  000.022  000.022: require('cmp.utils.debug')
019.394  000.047  000.025: require('cmp.utils.autocmd')
019.641  000.549  000.277: sourcing /home/tom1484/.local/share/nvim/lazy/nvim-cmp/plugin/cmp.lua
020.938  000.073  000.073: require('luasnip.util.types')
020.963  000.022  000.022: require('luasnip.util.ext_opts')
021.367  000.031  000.031: require('nvim-treesitter.utils')
021.569  000.014  000.014: require('vim.treesitter.language')
021.586  000.059  000.045: require('vim.treesitter.query')
021.615  000.027  000.027: require('vim.treesitter.languagetree')
021.695  000.217  000.131: require('vim.treesitter')
021.821  000.450  000.233: require('nvim-treesitter.parsers')
021.991  000.031  000.031: require('nvim-treesitter.ts_utils')
021.996  000.058  000.027: require('nvim-treesitter.tsrange')
022.010  000.013  000.013: require('nvim-treesitter.caching')
022.019  000.117  000.045: require('nvim-treesitter.query')
022.032  000.179  000.063: require('nvim-treesitter.configs')
022.034  000.212  000.033: require('nvim-treesitter.info')
022.076  000.040  000.040: require('nvim-treesitter.shell_command_selectors')
022.096  000.816  000.082: require('nvim-treesitter.install')
022.113  000.015  000.015: require('nvim-treesitter.statusline')
022.136  000.022  000.022: require('nvim-treesitter.query_predicates')
022.137  001.042  000.190: require('nvim-treesitter')
022.570  001.490  000.448: sourcing /home/tom1484/.local/share/nvim/lazy/nvim-treesitter/plugin/nvim-treesitter.lua
022.628  001.647  000.157: require('nvim-treesitter.parsers')
022.633  001.669  000.022: require('luasnip.extras.filetype_functions')
022.675  000.040  000.040: require('luasnip.session')
022.824  000.068  000.068: require('luasnip.util.util')
022.861  000.033  000.033: require('luasnip.nodes.util')
022.882  000.020  000.020: require('luasnip.util.events')
022.891  000.177  000.056: require('luasnip.nodes.node')
023.035  000.035  000.035: require('luasnip.util.extend_decorator')
023.046  000.369  000.157: require('luasnip.nodes.insertNode')
023.157  000.035  000.035: require('luasnip.util.mark')
023.337  000.057  000.057: require('luasnip.nodes.textNode')
024.041  000.667  000.667: require('luasnip.util._builtin_vars')
024.201  000.860  000.194: require('luasnip.util.environ')
024.273  000.066  000.066: require('luasnip.util.pattern_tokenizer')
024.302  000.027  000.027: require('luasnip.util.dict')
024.348  000.043  000.043: require('luasnip.session.snippet_collection')
024.442  001.283  000.229: require('luasnip.nodes.snippet')
024.459  001.410  000.093: require('luasnip.nodes.choiceNode')
024.544  000.065  000.065: require('luasnip.nodes.functionNode')
024.665  000.118  000.118: require('luasnip.nodes.dynamicNode')
024.741  000.071  000.071: require('luasnip.nodes.restoreNode')
024.774  000.028  000.028: require('luasnip.nodes.absolute_indexer')
024.824  000.048  000.048: require('luasnip.extras')
024.931  000.037  000.037: require('luasnip.util.str')
024.937  000.107  000.070: require('luasnip.extras.fmt')
025.035  000.032  000.032: require('luasnip.extras.conditions')
025.058  000.022  000.022: require('luasnip.extras.conditions.show')
025.301  000.339  000.286: require('luasnip.extras.conditions.expand')
025.307  000.367  000.028: require('luasnip.extras.expand_conditions')
025.370  000.059  000.059: require('luasnip.extras.postfix')
025.507  000.049  000.049: require('luasnip.util.parser.neovim_ast')
026.776  000.076  000.076: require('luasnip.util.directed_graph')
026.794  001.384  001.259: require('luasnip.util.parser.ast_utils')
026.882  000.031  000.031: require('luasnip.util.functions')
026.891  000.093  000.063: require('luasnip.util.parser.ast_parser')
027.128  000.234  000.234: require('luasnip.util.parser.neovim_parser')
027.147  001.774  000.063: require('luasnip.util.parser')
027.513  006.889  000.669: require('luasnip.config')
027.741  007.236  000.347: sourcing /home/tom1484/.local/share/nvim/lazy/LuaSnip/plugin/luasnip.vim
027.953  000.026  000.026: sourcing /home/tom1484/.local/share/nvim/lazy/LuaSnip/ftdetect/snippets.vim
028.327  000.045  000.045: sourcing /home/tom1484/.local/share/nvim/lazy/lsp-zero.nvim/plugin/lsp-zero.vim
028.738  000.304  000.304: require('lsp-zero.presets')
029.283  000.123  000.123: require('lsp-zero.settings')
029.294  000.553  000.430: require('lsp-zero.server')
029.306  012.247  002.030: require('lsp-zero')
029.705  000.053  000.053: require('cmp.utils.char')
029.714  000.120  000.066: require('cmp.utils.str')
029.765  000.026  000.026: require('cmp.utils.pattern')
029.855  000.030  000.030: require('cmp.utils.buffer')
029.863  000.071  000.041: require('cmp.utils.keymap')
029.868  000.101  000.030: require('cmp.utils.feedkeys')
029.912  000.043  000.043: require('cmp.utils.async')
029.961  000.023  000.023: require('cmp.utils.cache')
029.964  000.051  000.027: require('cmp.context')
030.099  000.046  000.046: require('cmp.config.mapping')
030.183  000.053  000.053: require('cmp.config.compare')
030.186  000.084  000.030: require('cmp.config.default')
030.208  000.199  000.069: require('cmp.config')
030.300  000.045  000.045: require('cmp.matcher')
030.308  000.098  000.054: require('cmp.entry')
030.320  000.355  000.057: require('cmp.source')
030.379  000.029  000.029: require('cmp.utils.event')
030.460  000.049  000.049: require('cmp.utils.window')
030.467  000.087  000.038: require('cmp.view.docs_view')
030.531  000.063  000.063: require('cmp.view.custom_entries_view')
030.580  000.047  000.047: require('cmp.view.wildmenu_entries_view')
030.664  000.047  000.047: require('cmp.view.native_entries_view')
030.853  000.188  000.188: require('cmp.view.ghost_text_view')
030.864  000.543  000.082: require('cmp.view')
031.185  001.678  000.440: require('cmp.core')
031.342  000.038  000.038: require('cmp.config.sources')
031.364  000.020  000.020: require('cmp.config.window')
031.416  001.968  000.232: require('cmp')
031.588  000.033  000.033: require('luasnip.loaders._caches')
031.656  000.067  000.067: require('luasnip.util.path')
031.683  000.168  000.068: require('luasnip.loaders')
031.741  000.053  000.053: require('luasnip.util.log')
031.762  000.306  000.085: require('luasnip')
031.770  000.350  000.044: require('lsp-zero.nvim-cmp-setup')
032.537  000.041  000.041: require('luasnip.loaders.util')
032.566  000.026  000.026: require('luasnip.nodes.snippetProxy')
032.575  000.124  000.056: require('luasnip.loaders.from_vscode')
039.777  007.818  007.694: require('lsp-zero.snippets')
041.191  000.479  000.479: require('vim.diagnostic')
041.371  000.094  000.094: require('lsp-zero.installer')
041.485  000.034  000.034: require('mason-core.path')
041.513  000.104  000.071: require('mason.settings')
041.704  000.103  000.103: require('mason-core.functional')
041.779  000.023  000.023: require('mason-core.functional.data')
041.788  000.063  000.040: require('mason-core.functional.function')
041.844  000.030  000.030: require('mason-core.functional.relation')
041.878  000.026  000.026: require('mason-core.functional.logic')
041.896  000.374  000.152: require('mason-core.platform')
041.899  000.523  000.045: require('mason')
042.004  000.074  000.074: require('mason-core.log')
042.007  000.106  000.033: require('mason-lspconfig')
042.397  000.042  000.042: require('mason-core.functional.list')
042.415  000.108  000.067: require('mason.api.command')
042.524  000.019  000.019: require('mason-lspconfig.settings')
042.562  000.015  000.015: require('mason-core.notify')
042.567  000.041  000.026: require('mason-lspconfig.lspconfig_hook')
042.764  000.196  000.196: require('lspconfig.util')
042.902  000.034  000.034: require('mason-core.functional.table')
042.974  000.204  000.170: require('mason-lspconfig.mappings.server')
043.067  000.035  000.035: require('mason-core.async')
043.082  000.012  000.012: require('mason-core.async.uv')
043.088  000.087  000.040: require('mason-core.fs')
043.109  000.020  000.020: require('mason-core.optional')
043.126  000.016  000.016: require('mason-core.EventEmitter')
043.206  000.079  000.079: require('mason-registry.index')
043.216  000.240  000.038: require('mason-registry')
043.232  000.014  000.014: require('mason-lspconfig.server_config_extensions')
043.265  000.031  000.031: require('lspconfig.configs')
043.288  000.022  000.022: require('lspconfig.server_configurations.omnisharp')
043.483  000.020  000.020: require('mason-core.functional.number')
043.509  000.084  000.064: require('mason-lspconfig.api.command')
043.553  000.018  000.018: require('lsp-zero.utils')
043.556  000.045  000.027: require('lsp-zero.state')
043.823  000.028  000.028: require('cmp_nvim_lsp.source')
043.827  000.071  000.043: require('cmp_nvim_lsp')
044.128  000.029  000.029: require('lspconfig')
044.159  000.028  000.028: require('lspconfig.server_configurations.rust_analyzer')
044.899  000.048  000.048: require('lspconfig.server_configurations.clangd')
045.317  000.035  000.035: require('lspconfig.server_configurations.tsserver')
045.620  000.035  000.035: require('lspconfig.server_configurations.sumneko_lua')
045.968  000.028  000.028: require('mason-lspconfig.ensure_installed')
046.062  000.026  000.026: require('mason-core.result')
046.186  000.067  000.067: require('mason-core.process')
046.312  000.215  000.148: require('mason-core.spawn')
046.350  000.036  000.036: require('mason-core.receipt')
046.386  000.030  000.030: require('mason-core.functional.string')
046.398  000.335  000.055: require('mason-core.installer.context')
046.420  000.021  000.021: require('mason-core.installer.linker')
046.439  000.018  000.018: require('mason-core.async.control')
046.467  000.461  000.060: require('mason-core.installer')
046.504  000.036  000.036: require('mason-core.installer.handle')
175.227  128.600  128.600: require('mason-core.managers.powershell')
175.245  128.680  000.079: require('mason-core.fetch')
175.250  128.698  000.018: require('mason-core.managers.cargo.client')
175.430  000.056  000.056: require('mason-core.managers.std')
175.499  000.024  000.024: require('mason-core.providers')
175.518  000.086  000.062: require('mason-core.managers.github.client')
175.525  000.272  000.130: require('mason-core.managers.github')
175.565  129.041  000.072: require('mason-core.managers.cargo')
175.624  000.056  000.056: require('mason-core.managers.composer')
175.667  000.042  000.042: require('mason-core.managers.gem')
175.697  000.028  000.028: require('mason-core.managers.git')
175.741  000.041  000.041: require('mason-core.managers.go')
175.827  000.084  000.084: require('mason-core.managers.luarocks')
175.878  000.048  000.048: require('mason-core.managers.npm')
175.924  000.044  000.044: require('mason-core.managers.pip3')
175.934  129.428  000.043: require('mason-core.package.version-check')
175.942  129.972  000.047: require('mason-core.package')
176.001  000.034  000.034: require('mason-registry.typescript-language-server')
176.135  000.048  000.048: require('mason-registry.lua-language-server')
176.292  000.067  000.067: require('mason-registry.rust-analyzer')
176.300  159.259  004.273: sourcing /home/tom1484/.config/nvim/after/plugin/lsp.lua
176.407  000.019  000.019: sourcing /home/tom1484/.config/nvim/after/plugin/lualine.lua
176.441  000.009  000.009: sourcing /home/tom1484/.config/nvim/after/plugin/netrw.lua
176.472  000.007  000.007: sourcing /home/tom1484/.config/nvim/after/plugin/null-ls.lua
176.506  000.011  000.011: sourcing /home/tom1484/.config/nvim/after/plugin/prettier.lua
177.136  000.345  000.345: sourcing /home/tom1484/.local/share/nvim/lazy/telescope.nvim/plugin/telescope.lua
177.848  000.028  000.028: require('plenary.tbl')
177.854  000.055  000.027: require('plenary.vararg.rotate')
177.856  000.077  000.022: require('plenary.vararg')
177.879  000.022  000.022: require('plenary.errors')
177.885  000.135  000.037: require('plenary.async.async')
177.909  000.022  000.022: require('plenary.async.structs')
177.917  000.233  000.076: require('plenary.async.control')
178.232  000.051  000.051: require('telescope.deprecated')
178.514  000.097  000.097: require('telescope.log')
178.608  000.023  000.023: require('telescope.state')
178.617  000.099  000.077: require('telescope.utils')
178.624  000.388  000.192: require('telescope.sorters')
181.258  003.163  002.723: require('telescope.config')
181.346  000.077  000.077: require('telescope.pickers.scroller')
181.385  000.035  000.035: require('telescope.actions.state')
181.424  000.037  000.037: require('telescope.actions.utils')
181.507  000.036  000.036: require('telescope.actions.mt')
181.531  000.105  000.068: require('telescope.actions.set')
181.600  000.036  000.036: require('telescope.config.resolve')
181.605  000.072  000.036: require('telescope.pickers.entry_display')
181.630  000.023  000.023: require('telescope.from_entry')
181.907  003.989  000.478: require('telescope.actions')
182.124  000.162  000.162: require('telescope.make_entry')
182.281  000.046  000.046: require('plenary.async.util')
182.287  000.104  000.058: require('plenary.async.tests')
182.289  000.136  000.032: require('plenary.async')
182.295  000.168  000.032: require('telescope.finders.async_static_finder')
182.400  000.029  000.029: require('plenary.class')
182.557  000.232  000.203: require('telescope._')
182.562  000.266  000.034: require('telescope.finders.async_oneshot_finder')
182.612  000.048  000.048: require('telescope.finders.async_job_finder')
182.621  000.708  000.064: require('telescope.finders')
182.872  000.060  000.060: require('telescope._extensions')
182.879  000.094  000.034: require('telescope')
182.929  000.046  000.046: require('telescope.debounce')
183.090  000.158  000.158: require('telescope.mappings')
183.192  000.066  000.066: require('telescope.pickers.highlights')
183.229  000.033  000.033: require('telescope.pickers.window')
183.313  000.049  000.049: require('telescope.algos.linked_list')
183.317  000.086  000.037: require('telescope.entry_manager')
183.342  000.023  000.023: require('telescope.pickers.multi')
183.365  000.741  000.236: require('telescope.pickers')
183.377  006.031  000.360: require('telescope.builtin.__lsp')
183.412  006.870  000.494: require('telescope.builtin')
183.588  007.060  000.190: sourcing /home/tom1484/.config/nvim/after/plugin/telescope.lua
184.733  000.045  000.045: require('nvim-treesitter.highlight')
184.884  001.213  001.167: sourcing /home/tom1484/.config/nvim/after/plugin/treesitter.lua
184.971  000.036  000.036: sourcing /home/tom1484/.config/nvim/after/plugin/undotree.lua
185.034  182.336  006.115: sourcing /home/tom1484/.config/nvim/init.lua
185.040  000.284: sourcing vimrc file(s)
185.215  000.042  000.042: sourcing /usr/local/share/nvim/runtime/filetype.lua
185.531  000.116  000.116: sourcing /usr/local/share/nvim/runtime/syntax/synload.vim
185.691  000.393  000.276: sourcing /usr/local/share/nvim/runtime/syntax/syntax.vim
185.708  000.234: inits 3
188.317  002.609: reading ShaDa
188.603  000.076  000.076: require('luasnip.loaders.from_lua')
188.684  000.047  000.047: require('luasnip.loaders.from_snipmate')
188.715  000.276: opening buffers
188.738  000.023: BufEnter autocommands
188.742  000.004: editing files in windows
188.894  000.123  000.123: require('mason-core.terminator')


times in msec
 clock   self+sourced   self:  sourced script
 clock   elapsed:              other lines

000.009  000.009: --- NVIM STARTING ---
000.099  000.090: event init
000.187  000.088: early init
000.339  000.152: locale set
000.401  000.062: init first window
000.731  000.329: inits 1
000.740  000.009: window checked
000.743  000.003: parsing arguments
001.215  000.084  000.084: require('vim.shared')
001.317  000.039  000.039: require('vim._meta')
001.319  000.100  000.062: require('vim._editor')
001.320  000.217  000.032: require('vim._init_packages')
001.322  000.361: init lua interpreter
001.941  000.619: expanding arguments
001.992  000.052: inits 2
002.362  000.370: init highlight
